Notice: Output directory `./docs/doxygen' does not exist. I have created it for you.
Searching for include files...
Searching for example files...
Searching for images...
Searching for dot files...
Searching for msc files...
Searching for dia files...
Searching for files to exclude
Searching for files to process...
Searching for files in directory ./excerpts
Searching for files in directory ./excerpts/__pycache__
Reading and parsing tag files
Parsing files
Reading ./excerpts/__init__.py...
Parsing file ./excerpts/__init__.py...
Reading ./excerpts/command_line.py...
Parsing file ./excerpts/command_line.py...
Reading ./excerpts/main.py...
Parsing file ./excerpts/main.py...
Reading ./excerpts/op.py...
Parsing file ./excerpts/op.py...
Reading ./excerpts/ui.py...
Parsing file ./excerpts/ui.py...
Building group list...
Building directory list...
Building namespace list...
Building file list...
Building class list...
Associating documentation with classes...
Computing nesting relations for classes...
Building example list...
Searching for enumerations...
Searching for documented typedefs...
Searching for members imported via using declarations...
Searching for included using directives...
Searching for documented variables...
Building interface member list...
Building member list...
Searching for friends...
Searching for documented defines...
Computing class inheritance relations...
Computing class usage relations...
Flushing cached template relations that have become invalid...
Creating members for template instances...
Computing class relations...
Add enum values to enums...
Searching for member function documentation...
Building page list...
Search for main page...
Computing page relations...
Determining the scope of groups...
Sorting lists...
Freeing entry tree
Determining which enums are documented
Computing member relations...
Building full member lists recursively...
Adding members to member groups.
Computing member references...
Inheriting documentation...
Generating disk names...
Adding source references...
Adding xrefitems...
Sorting member lists...
Computing dependencies between directories...
Generating citations page...
Counting data structures...
Resolving user defined references...
Finding anchors and sections in the documentation...
Transferring function references...
Combining using relations...
Adding members to index pages...
Generating style sheet...
Generating search indices...
Generating example documentation...
Generating file sources...
Parsing code for file excerpts/__init__.py...
Parsing code for file excerpts/command_line.py...
Parsing code for file excerpts/main.py...
Parsing code for file excerpts/op.py...
Parsing code for file excerpts/ui.py...
Generating file documentation...
Generating docs for file excerpts/__init__.py...
Generating docs for file excerpts/command_line.py...
Generating docs for file excerpts/main.py...
Generating docs for file excerpts/op.py...
Generating docs for file excerpts/ui.py...
Generating page documentation...
Generating group documentation...
Generating class documentation...
Generating namespace index...
Generating docs for namespace excerpts
Generating docs for namespace excerpts::command_line
Generating call graph for function excerpts.command_line.main
Generating call graph for function excerpts.command_line.make_parser
Generating docs for namespace excerpts::main
Generating call graph for function excerpts.main.convert
Generating call graph for function excerpts.main.excerpt
Generating call graph for function excerpts.main.extract
Generating docs for namespace excerpts::op
Generating call graph for function excerpts.op.is_tool
Generating call graph for function excerpts.op.pandoc
Generating docs for namespace excerpts::ui
Generating graph info page...
Generating directory documentation...
Generating dependency graph for directory excerpts
Generating index page...
Generating page index...
Generating module index...
Generating namespace index...
Generating namespace member index...
Generating annotated compound index...
Generating alphabetical compound index...
Generating hierarchical class index...
Generating graphical class hierarchy...
Generating member index...
Generating file index...
Generating file member index...
Generating example index...
finalizing index lists...
Generating SQLITE3 output...
Initializing DB schema...
Generating Sqlite3 output for namespace excerpts
Generating Sqlite3 output for namespace excerpts::command_line
unable to read file loc from[excerpts.command_line::main]
unable to read file loc from[excerpts.command_line::make_parser]
Generating Sqlite3 output for namespace excerpts::main
unable to read file loc from[excerpts.main::convert]
unable to read file loc from[excerpts.main::excerpt]
unable to read file loc from[excerpts.main::convert]
unable to read file loc from[excerpts.main::modify_path]
unable to read file loc from[excerpts.main::extract]
Generating Sqlite3 output for namespace excerpts::op
unable to read file loc from[excerpts.op::pandoc]
unable to read file loc from[excerpts.op::is_tool]
Generating Sqlite3 output for namespace excerpts::ui
Generating Sqlite3 output for file __init__.py
Generating Sqlite3 output for file command_line.py
Generating Sqlite3 output for file main.py
Generating Sqlite3 output for file op.py
Generating Sqlite3 output for file ui.py
Generating Sqlite3 output for dir ./excerpts/
Running dot...
Generating dot graphs using 3 parallel threads...
Running dot for graph 1/17
Running dot for graph 2/17
Running dot for graph 3/17
Running dot for graph 4/17
Running dot for graph 5/17
Running dot for graph 6/17
Running dot for graph 7/17
Running dot for graph 8/17
Running dot for graph 9/17
Running dot for graph 10/17
Running dot for graph 11/17
Running dot for graph 12/17
Running dot for graph 13/17
Running dot for graph 14/17
Running dot for graph 15/17
Running dot for graph 16/17
Running dot for graph 17/17
Patching output file 1/8
Patching output file 2/8
Patching output file 3/8
Patching output file 4/8
Patching output file 5/8
Patching output file 6/8
Patching output file 7/8
Patching output file 8/8
lookup cache used 18/65536 hits=20 misses=18
finished...
