************* Module excerpts.ui
R: 10, 0: Too many arguments (10/5) (too-many-arguments)


Report
======
115 statements analysed.

Messages by category
--------------------

+-----------+-------+---------+-----------+
|type       |number |previous |difference |
+===========+=======+=========+===========+
|convention |0      |1        |-1.00      |
+-----------+-------+---------+-----------+
|refactor   |1      |1        |=          |
+-----------+-------+---------+-----------+
|warning    |0      |0        |=          |
+-----------+-------+---------+-----------+
|error      |0      |0        |=          |
+-----------+-------+---------+-----------+



Messages
--------

+-------------------+------------+
|message id         |occurrences |
+===================+============+
|too-many-arguments |1           |
+-------------------+------------+



Global evaluation
-----------------
Your code has been rated at 9.91/10 (previous run: 9.83/10, +0.09)

External dependencies
---------------------
::

    excerpts (excerpts.command_line)
      \-main (excerpts,excerpts.ui,excerpts.op)
      \-ui (excerpts)



Raw metrics
-----------

+----------+-------+------+---------+-----------+
|type      |number |%     |previous |difference |
+==========+=======+======+=========+===========+
|code      |194    |49.74 |194      |=          |
+----------+-------+------+---------+-----------+
|docstring |151    |38.72 |151      |=          |
+----------+-------+------+---------+-----------+
|comment   |8      |2.05  |8        |=          |
+----------+-------+------+---------+-----------+
|empty     |37     |9.49  |37       |=          |
+----------+-------+------+---------+-----------+



Statistics by type
------------------

+---------+-------+-----------+-----------+------------+---------+
|type     |number |old number |difference |%documented |%badname |
+=========+=======+===========+===========+============+=========+
|module   |5      |5          |=          |100.00      |0.00     |
+---------+-------+-----------+-----------+------------+---------+
|class    |0      |0          |=          |0           |0        |
+---------+-------+-----------+-----------+------------+---------+
|method   |0      |0          |=          |0           |0        |
+---------+-------+-----------+-----------+------------+---------+
|function |9      |9          |=          |100.00      |0.00     |
+---------+-------+-----------+-----------+------------+---------+



Duplication
-----------

+-------------------------+------+---------+-----------+
|                         |now   |previous |difference |
+=========================+======+=========+===========+
|nb duplicated lines      |0     |0        |=          |
+-------------------------+------+---------+-----------+
|percent duplicated lines |0.000 |0.000    |=          |
+-------------------------+------+---------+-----------+



